2022-04-21 23:21:15,387 [main] INFO  com.divya.LogsDemo.LogsDemoApplication             - Starting LogsDemoApplication using Java 11.0.10 on BCP-ATLT11125 with PID 14972 (C:\Users\divya.chidananda\Downloads\LogsDemo\target\classes started by divya.chidananda in C:\Users\divya.chidananda\Downloads\LogsDemo)
2022-04-21 23:21:15,392 [main] INFO  com.divya.LogsDemo.LogsDemoApplication             - No active profile set, falling back to 1 default profile: "default"
2022-04-21 23:21:16,932 [main] INFO  o.s.b.w.embedded.tomcat.TomcatWebServer            - Tomcat initialized with port(s): 8080 (http)
2022-04-21 23:21:16,941 [main] INFO  o.apache.coyote.http11.Http11NioProtocol           - Initializing ProtocolHandler ["http-nio-8080"]
2022-04-21 23:21:16,963 [main] INFO  org.apache.catalina.core.StandardService           - Starting service [Tomcat]
2022-04-21 23:21:16,963 [main] INFO  org.apache.catalina.core.StandardEngine            - Starting Servlet engine: [Apache Tomcat/9.0.60]
2022-04-21 23:21:17,101 [main] INFO  o.a.c.c.C.[Tomcat].[localhost].[/]                 - Initializing Spring embedded WebApplicationContext
2022-04-21 23:21:17,101 [main] INFO  o.s.b.w.s.c.ServletWebServerApplicationContext     - Root WebApplicationContext: initialization completed in 1617 ms
2022-04-21 23:21:17,532 [main] INFO  o.apache.coyote.http11.Http11NioProtocol           - Starting ProtocolHandler ["http-nio-8080"]
2022-04-21 23:21:17,563 [main] INFO  o.s.b.w.embedded.tomcat.TomcatWebServer            - Tomcat started on port(s): 8080 (http) with context path ''
2022-04-21 23:21:17,574 [main] INFO  com.divya.LogsDemo.LogsDemoApplication             - Started LogsDemoApplication in 3.008 seconds (JVM running for 3.733)
2022-04-21 23:21:26,593 [http-nio-8080-exec-2] INFO  o.a.c.c.C.[Tomcat].[localhost].[/]                 - Initializing Spring DispatcherServlet 'dispatcherServlet'
2022-04-21 23:21:26,595 [http-nio-8080-exec-2] INFO  o.s.web.servlet.DispatcherServlet                  - Initializing Servlet 'dispatcherServlet'
2022-04-21 23:21:26,596 [http-nio-8080-exec-2] INFO  o.s.web.servlet.DispatcherServlet                  - Completed initialization in 1 ms
2022-04-21 23:21:26,629 [http-nio-8080-exec-2] INFO  com.divya.LogsDemo.MyController                    - printing i = 0
2022-04-21 23:21:26,630 [http-nio-8080-exec-2] INFO  com.divya.LogsDemo.MyController                    - printing i = 1
2022-04-21 23:21:26,631 [http-nio-8080-exec-2] INFO  com.divya.LogsDemo.MyController                    - printing i = 2
2022-04-21 23:21:26,631 [http-nio-8080-exec-2] INFO  com.divya.LogsDemo.MyController                    - printing i = 3
2022-04-21 23:21:26,631 [http-nio-8080-exec-2] INFO  com.divya.LogsDemo.MyController                    - printing i = 4
2022-04-21 23:21:26,631 [http-nio-8080-exec-2] INFO  com.divya.LogsDemo.MyController                    - printing i = 5
2022-04-21 23:21:26,631 [http-nio-8080-exec-2] INFO  com.divya.LogsDemo.MyController                    - printing i = 6
2022-04-21 23:21:26,631 [http-nio-8080-exec-2] INFO  com.divya.LogsDemo.MyController                    - printing i = 7
2022-04-21 23:21:26,631 [http-nio-8080-exec-2] INFO  com.divya.LogsDemo.MyController                    - printing i = 8
2022-04-21 23:21:26,631 [http-nio-8080-exec-2] INFO  com.divya.LogsDemo.MyController                    - printing i = 9
2022-04-21 23:21:26,631 [http-nio-8080-exec-2] INFO  com.divya.LogsDemo.MyController                    - printing i = 10
2022-04-21 23:21:26,631 [http-nio-8080-exec-2] INFO  com.divya.LogsDemo.MyController                    - printing i = 11
2022-04-21 23:21:26,631 [http-nio-8080-exec-2] INFO  com.divya.LogsDemo.MyController                    - printing i = 12
2022-04-21 23:21:26,631 [http-nio-8080-exec-2] INFO  com.divya.LogsDemo.MyController                    - printing i = 13
2022-04-21 23:21:26,631 [http-nio-8080-exec-2] INFO  com.divya.LogsDemo.MyController                    - printing i = 14
2022-04-21 23:21:26,631 [http-nio-8080-exec-2] INFO  com.divya.LogsDemo.MyController                    - printing i = 15
2022-04-21 23:21:26,631 [http-nio-8080-exec-2] INFO  com.divya.LogsDemo.MyController                    - printing i = 16
2022-04-21 23:21:26,631 [http-nio-8080-exec-2] INFO  com.divya.LogsDemo.MyController                    - printing i = 17
2022-04-21 23:21:26,632 [http-nio-8080-exec-2] INFO  com.divya.LogsDemo.MyController                    - printing i = 18
2022-04-21 23:21:26,632 [http-nio-8080-exec-2] INFO  com.divya.LogsDemo.MyController                    - printing i = 19
2022-04-21 23:21:26,632 [http-nio-8080-exec-2] INFO  com.divya.LogsDemo.MyController                    - printing i = 20
2022-04-21 23:21:26,632 [http-nio-8080-exec-2] INFO  com.divya.LogsDemo.MyController                    - printing i = 21
2022-04-21 23:21:26,632 [http-nio-8080-exec-2] INFO  com.divya.LogsDemo.MyController                    - printing i = 22
2022-04-21 23:21:26,632 [http-nio-8080-exec-2] INFO  com.divya.LogsDemo.MyController                    - printing i = 23
2022-04-21 23:21:26,632 [http-nio-8080-exec-2] INFO  com.divya.LogsDemo.MyController                    - printing i = 24
2022-04-21 23:21:26,632 [http-nio-8080-exec-2] INFO  com.divya.LogsDemo.MyController                    - printing i = 25
2022-04-21 23:21:26,632 [http-nio-8080-exec-2] INFO  com.divya.LogsDemo.MyController                    - printing i = 26
2022-04-21 23:21:26,632 [http-nio-8080-exec-2] INFO  com.divya.LogsDemo.MyController                    - printing i = 27
2022-04-21 23:21:26,632 [http-nio-8080-exec-2] INFO  com.divya.LogsDemo.MyController                    - printing i = 28
2022-04-21 23:21:26,632 [http-nio-8080-exec-2] INFO  com.divya.LogsDemo.MyController                    - printing i = 29
2022-04-21 23:21:26,632 [http-nio-8080-exec-2] INFO  com.divya.LogsDemo.MyController                    - printing i = 30
2022-04-21 23:21:26,632 [http-nio-8080-exec-2] INFO  com.divya.LogsDemo.MyController                    - printing i = 31
2022-04-21 23:21:26,632 [http-nio-8080-exec-2] INFO  com.divya.LogsDemo.MyController                    - printing i = 32
2022-04-21 23:21:26,632 [http-nio-8080-exec-2] INFO  com.divya.LogsDemo.MyController                    - printing i = 33
2022-04-21 23:21:26,632 [http-nio-8080-exec-2] INFO  com.divya.LogsDemo.MyController                    - printing i = 34
2022-04-21 23:21:26,633 [http-nio-8080-exec-2] INFO  com.divya.LogsDemo.MyController                    - printing i = 35
2022-04-21 23:21:26,633 [http-nio-8080-exec-2] INFO  com.divya.LogsDemo.MyController                    - printing i = 36
2022-04-21 23:21:26,633 [http-nio-8080-exec-2] INFO  com.divya.LogsDemo.MyController                    - printing i = 37
2022-04-21 23:21:26,633 [http-nio-8080-exec-2] INFO  com.divya.LogsDemo.MyController                    - printing i = 38
2022-04-21 23:21:26,633 [http-nio-8080-exec-2] INFO  com.divya.LogsDemo.MyController                    - printing i = 39
2022-04-21 23:21:26,633 [http-nio-8080-exec-2] INFO  com.divya.LogsDemo.MyController                    - printing i = 40
2022-04-21 23:21:26,633 [http-nio-8080-exec-2] INFO  com.divya.LogsDemo.MyController                    - printing i = 41
2022-04-21 23:21:26,633 [http-nio-8080-exec-2] INFO  com.divya.LogsDemo.MyController                    - printing i = 42
2022-04-21 23:21:26,633 [http-nio-8080-exec-2] INFO  com.divya.LogsDemo.MyController                    - printing i = 43
2022-04-21 23:21:26,633 [http-nio-8080-exec-2] INFO  com.divya.LogsDemo.MyController                    - printing i = 44
2022-04-21 23:21:26,633 [http-nio-8080-exec-2] INFO  com.divya.LogsDemo.MyController                    - printing i = 45
2022-04-21 23:21:26,633 [http-nio-8080-exec-2] INFO  com.divya.LogsDemo.MyController                    - printing i = 46
2022-04-21 23:21:26,633 [http-nio-8080-exec-2] INFO  com.divya.LogsDemo.MyController                    - printing i = 47
2022-04-21 23:21:26,633 [http-nio-8080-exec-2] INFO  com.divya.LogsDemo.MyController                    - printing i = 48
2022-04-21 23:21:26,633 [http-nio-8080-exec-2] INFO  com.divya.LogsDemo.MyController                    - printing i = 49
2022-04-21 23:21:26,634 [http-nio-8080-exec-2] INFO  com.divya.LogsDemo.MyController                    - printing i = 50
2022-04-21 23:21:26,634 [http-nio-8080-exec-2] INFO  com.divya.LogsDemo.MyController                    - printing i = 51
2022-04-21 23:21:26,634 [http-nio-8080-exec-2] INFO  com.divya.LogsDemo.MyController                    - printing i = 52
2022-04-21 23:21:26,634 [http-nio-8080-exec-2] INFO  com.divya.LogsDemo.MyController                    - printing i = 53
2022-04-21 23:21:26,634 [http-nio-8080-exec-2] INFO  com.divya.LogsDemo.MyController                    - printing i = 54
2022-04-21 23:21:26,634 [http-nio-8080-exec-2] INFO  com.divya.LogsDemo.MyController                    - printing i = 55
2022-04-21 23:21:26,634 [http-nio-8080-exec-2] INFO  com.divya.LogsDemo.MyController                    - printing i = 56
2022-04-21 23:21:26,634 [http-nio-8080-exec-2] INFO  com.divya.LogsDemo.MyController                    - printing i = 57
2022-04-21 23:21:26,634 [http-nio-8080-exec-2] INFO  com.divya.LogsDemo.MyController                    - printing i = 58
2022-04-21 23:21:26,634 [http-nio-8080-exec-2] INFO  com.divya.LogsDemo.MyController                    - printing i = 59
2022-04-21 23:21:26,634 [http-nio-8080-exec-2] INFO  com.divya.LogsDemo.MyController                    - printing i = 60
2022-04-21 23:21:26,634 [http-nio-8080-exec-2] INFO  com.divya.LogsDemo.MyController                    - printing i = 61
2022-04-21 23:21:26,634 [http-nio-8080-exec-2] INFO  com.divya.LogsDemo.MyController                    - printing i = 62
2022-04-21 23:21:26,634 [http-nio-8080-exec-2] INFO  com.divya.LogsDemo.MyController                    - printing i = 63
2022-04-21 23:21:26,634 [http-nio-8080-exec-2] INFO  com.divya.LogsDemo.MyController                    - printing i = 64
2022-04-21 23:21:26,634 [http-nio-8080-exec-2] INFO  com.divya.LogsDemo.MyController                    - printing i = 65
2022-04-21 23:21:26,635 [http-nio-8080-exec-2] INFO  com.divya.LogsDemo.MyController                    - printing i = 66
2022-04-21 23:21:26,635 [http-nio-8080-exec-2] INFO  com.divya.LogsDemo.MyController                    - printing i = 67
2022-04-21 23:21:26,635 [http-nio-8080-exec-2] INFO  com.divya.LogsDemo.MyController                    - printing i = 68
2022-04-21 23:21:26,635 [http-nio-8080-exec-2] INFO  com.divya.LogsDemo.MyController                    - printing i = 69
2022-04-21 23:21:26,635 [http-nio-8080-exec-2] INFO  com.divya.LogsDemo.MyController                    - printing i = 70
2022-04-21 23:21:26,635 [http-nio-8080-exec-2] INFO  com.divya.LogsDemo.MyController                    - printing i = 71
2022-04-21 23:21:26,635 [http-nio-8080-exec-2] INFO  com.divya.LogsDemo.MyController                    - printing i = 72
2022-04-21 23:21:26,635 [http-nio-8080-exec-2] INFO  com.divya.LogsDemo.MyController                    - printing i = 73
2022-04-21 23:21:26,635 [http-nio-8080-exec-2] INFO  com.divya.LogsDemo.MyController                    - printing i = 74
2022-04-21 23:21:26,635 [http-nio-8080-exec-2] INFO  com.divya.LogsDemo.MyController                    - printing i = 75
2022-04-21 23:21:26,635 [http-nio-8080-exec-2] INFO  com.divya.LogsDemo.MyController                    - printing i = 76
2022-04-21 23:21:26,635 [http-nio-8080-exec-2] INFO  com.divya.LogsDemo.MyController                    - printing i = 77
2022-04-21 23:21:26,635 [http-nio-8080-exec-2] INFO  com.divya.LogsDemo.MyController                    - printing i = 78
2022-04-21 23:21:26,635 [http-nio-8080-exec-2] INFO  com.divya.LogsDemo.MyController                    - printing i = 79
2022-04-21 23:21:26,635 [http-nio-8080-exec-2] INFO  com.divya.LogsDemo.MyController                    - printing i = 80
2022-04-21 23:21:26,635 [http-nio-8080-exec-2] INFO  com.divya.LogsDemo.MyController                    - printing i = 81
2022-04-21 23:21:26,635 [http-nio-8080-exec-2] INFO  com.divya.LogsDemo.MyController                    - printing i = 82
2022-04-21 23:21:26,635 [http-nio-8080-exec-2] INFO  com.divya.LogsDemo.MyController                    - printing i = 83
2022-04-21 23:21:26,635 [http-nio-8080-exec-2] INFO  com.divya.LogsDemo.MyController                    - printing i = 84
2022-04-21 23:21:26,636 [http-nio-8080-exec-2] INFO  com.divya.LogsDemo.MyController                    - printing i = 85
2022-04-21 23:21:26,636 [http-nio-8080-exec-2] INFO  com.divya.LogsDemo.MyController                    - printing i = 86
2022-04-21 23:21:26,636 [http-nio-8080-exec-2] INFO  com.divya.LogsDemo.MyController                    - printing i = 87
2022-04-21 23:21:26,636 [http-nio-8080-exec-2] INFO  com.divya.LogsDemo.MyController                    - printing i = 88
2022-04-21 23:21:26,636 [http-nio-8080-exec-2] INFO  com.divya.LogsDemo.MyController                    - printing i = 89
2022-04-21 23:21:26,636 [http-nio-8080-exec-2] INFO  com.divya.LogsDemo.MyController                    - printing i = 90
2022-04-21 23:21:26,636 [http-nio-8080-exec-2] INFO  com.divya.LogsDemo.MyController                    - printing i = 91
2022-04-21 23:21:26,636 [http-nio-8080-exec-2] INFO  com.divya.LogsDemo.MyController                    - printing i = 92
2022-04-21 23:21:26,636 [http-nio-8080-exec-2] INFO  com.divya.LogsDemo.MyController                    - printing i = 93
2022-04-21 23:21:26,636 [http-nio-8080-exec-2] INFO  com.divya.LogsDemo.MyController                    - printing i = 94
2022-04-21 23:21:26,636 [http-nio-8080-exec-2] INFO  com.divya.LogsDemo.MyController                    - printing i = 95
2022-04-21 23:21:26,636 [http-nio-8080-exec-2] INFO  com.divya.LogsDemo.MyController                    - printing i = 96
2022-04-21 23:21:26,636 [http-nio-8080-exec-2] INFO  com.divya.LogsDemo.MyController                    - printing i = 97
2022-04-21 23:21:26,636 [http-nio-8080-exec-2] INFO  com.divya.LogsDemo.MyController                    - printing i = 98
2022-04-21 23:21:26,636 [http-nio-8080-exec-2] INFO  com.divya.LogsDemo.MyController                    - printing i = 99
2022-04-21 23:21:26,636 [http-nio-8080-exec-2] INFO  com.divya.LogsDemo.MyController                    - printing i = 100
2022-04-21 23:21:26,636 [http-nio-8080-exec-2] INFO  com.divya.LogsDemo.MyController                    - printing i = 101
2022-04-21 23:21:26,636 [http-nio-8080-exec-2] INFO  com.divya.LogsDemo.MyController                    - printing i = 102
2022-04-21 23:21:26,636 [http-nio-8080-exec-2] INFO  com.divya.LogsDemo.MyController                    - printing i = 103
2022-04-21 23:21:26,636 [http-nio-8080-exec-2] INFO  com.divya.LogsDemo.MyController                    - printing i = 104
2022-04-21 23:21:26,636 [http-nio-8080-exec-2] INFO  com.divya.LogsDemo.MyController                    - printing i = 105
2022-04-21 23:21:26,636 [http-nio-8080-exec-2] INFO  com.divya.LogsDemo.MyController                    - printing i = 106
2022-04-21 23:21:26,636 [http-nio-8080-exec-2] INFO  com.divya.LogsDemo.MyController                    - printing i = 107
2022-04-21 23:21:26,637 [http-nio-8080-exec-2] INFO  com.divya.LogsDemo.MyController                    - printing i = 108
2022-04-21 23:21:26,637 [http-nio-8080-exec-2] INFO  com.divya.LogsDemo.MyController                    - printing i = 109
2022-04-21 23:21:26,637 [http-nio-8080-exec-2] INFO  com.divya.LogsDemo.MyController                    - printing i = 110
2022-04-21 23:21:26,637 [http-nio-8080-exec-2] INFO  com.divya.LogsDemo.MyController                    - printing i = 111
2022-04-21 23:21:26,637 [http-nio-8080-exec-2] INFO  com.divya.LogsDemo.MyController                    - printing i = 112
2022-04-21 23:21:26,637 [http-nio-8080-exec-2] INFO  com.divya.LogsDemo.MyController                    - printing i = 113
2022-04-21 23:21:26,637 [http-nio-8080-exec-2] INFO  com.divya.LogsDemo.MyController                    - printing i = 114
2022-04-21 23:21:26,637 [http-nio-8080-exec-2] INFO  com.divya.LogsDemo.MyController                    - printing i = 115
2022-04-21 23:21:26,637 [http-nio-8080-exec-2] INFO  com.divya.LogsDemo.MyController                    - printing i = 116
2022-04-21 23:21:26,637 [http-nio-8080-exec-2] INFO  com.divya.LogsDemo.MyController                    - printing i = 117
2022-04-21 23:21:26,638 [http-nio-8080-exec-2] INFO  com.divya.LogsDemo.MyController                    - printing i = 118
2022-04-21 23:21:26,638 [http-nio-8080-exec-2] INFO  com.divya.LogsDemo.MyController                    - printing i = 119
2022-04-21 23:21:26,638 [http-nio-8080-exec-2] INFO  com.divya.LogsDemo.MyController                    - printing i = 120
2022-04-21 23:21:26,638 [http-nio-8080-exec-2] INFO  com.divya.LogsDemo.MyController                    - printing i = 121
2022-04-21 23:21:26,638 [http-nio-8080-exec-2] INFO  com.divya.LogsDemo.MyController                    - printing i = 122
2022-04-21 23:21:26,638 [http-nio-8080-exec-2] INFO  com.divya.LogsDemo.MyController                    - printing i = 123
2022-04-21 23:21:26,638 [http-nio-8080-exec-2] INFO  com.divya.LogsDemo.MyController                    - printing i = 124
2022-04-21 23:21:26,638 [http-nio-8080-exec-2] INFO  com.divya.LogsDemo.MyController                    - printing i = 125
2022-04-21 23:21:26,638 [http-nio-8080-exec-2] INFO  com.divya.LogsDemo.MyController                    - printing i = 126
2022-04-21 23:21:26,638 [http-nio-8080-exec-2] INFO  com.divya.LogsDemo.MyController                    - printing i = 127
2022-04-21 23:21:26,638 [http-nio-8080-exec-2] INFO  com.divya.LogsDemo.MyController                    - printing i = 128
2022-04-21 23:21:26,638 [http-nio-8080-exec-2] INFO  com.divya.LogsDemo.MyController                    - printing i = 129
2022-04-21 23:21:26,638 [http-nio-8080-exec-2] INFO  com.divya.LogsDemo.MyController                    - printing i = 130
2022-04-21 23:21:26,638 [http-nio-8080-exec-2] INFO  com.divya.LogsDemo.MyController                    - printing i = 131
2022-04-21 23:21:26,638 [http-nio-8080-exec-2] INFO  com.divya.LogsDemo.MyController                    - printing i = 132
2022-04-21 23:21:26,638 [http-nio-8080-exec-2] INFO  com.divya.LogsDemo.MyController                    - printing i = 133
2022-04-21 23:21:26,638 [http-nio-8080-exec-2] INFO  com.divya.LogsDemo.MyController                    - printing i = 134
2022-04-21 23:21:26,638 [http-nio-8080-exec-2] INFO  com.divya.LogsDemo.MyController                    - printing i = 135
2022-04-21 23:21:26,638 [http-nio-8080-exec-2] INFO  com.divya.LogsDemo.MyController                    - printing i = 136
2022-04-21 23:21:26,638 [http-nio-8080-exec-2] INFO  com.divya.LogsDemo.MyController                    - printing i = 137
2022-04-21 23:21:26,638 [http-nio-8080-exec-2] INFO  com.divya.LogsDemo.MyController                    - printing i = 138
2022-04-21 23:21:26,638 [http-nio-8080-exec-2] INFO  com.divya.LogsDemo.MyController                    - printing i = 139
2022-04-21 23:21:26,638 [http-nio-8080-exec-2] INFO  com.divya.LogsDemo.MyController                    - printing i = 140
2022-04-21 23:21:26,638 [http-nio-8080-exec-2] INFO  com.divya.LogsDemo.MyController                    - printing i = 141
2022-04-21 23:21:26,638 [http-nio-8080-exec-2] INFO  com.divya.LogsDemo.MyController                    - printing i = 142
2022-04-21 23:21:26,639 [http-nio-8080-exec-2] INFO  com.divya.LogsDemo.MyController                    - printing i = 143
2022-04-21 23:21:26,639 [http-nio-8080-exec-2] INFO  com.divya.LogsDemo.MyController                    - printing i = 144
2022-04-21 23:21:26,639 [http-nio-8080-exec-2] INFO  com.divya.LogsDemo.MyController                    - printing i = 145
2022-04-21 23:21:26,639 [http-nio-8080-exec-2] INFO  com.divya.LogsDemo.MyController                    - printing i = 146
2022-04-21 23:21:26,639 [http-nio-8080-exec-2] INFO  com.divya.LogsDemo.MyController                    - printing i = 147
2022-04-21 23:21:26,639 [http-nio-8080-exec-2] INFO  com.divya.LogsDemo.MyController                    - printing i = 148
2022-04-21 23:21:26,639 [http-nio-8080-exec-2] INFO  com.divya.LogsDemo.MyController                    - printing i = 149
2022-04-21 23:21:26,639 [http-nio-8080-exec-2] INFO  com.divya.LogsDemo.MyController                    - printing i = 150
2022-04-21 23:21:26,639 [http-nio-8080-exec-2] INFO  com.divya.LogsDemo.MyController                    - printing i = 151
2022-04-21 23:21:26,639 [http-nio-8080-exec-2] INFO  com.divya.LogsDemo.MyController                    - printing i = 152
2022-04-21 23:21:26,639 [http-nio-8080-exec-2] INFO  com.divya.LogsDemo.MyController                    - printing i = 153
2022-04-21 23:21:26,639 [http-nio-8080-exec-2] INFO  com.divya.LogsDemo.MyController                    - printing i = 154
2022-04-21 23:21:26,639 [http-nio-8080-exec-2] INFO  com.divya.LogsDemo.MyController                    - printing i = 155
2022-04-21 23:21:26,639 [http-nio-8080-exec-2] INFO  com.divya.LogsDemo.MyController                    - printing i = 156
2022-04-21 23:21:26,639 [http-nio-8080-exec-2] INFO  com.divya.LogsDemo.MyController                    - printing i = 157
2022-04-21 23:21:26,639 [http-nio-8080-exec-2] INFO  com.divya.LogsDemo.MyController                    - printing i = 158
2022-04-21 23:21:26,639 [http-nio-8080-exec-2] INFO  com.divya.LogsDemo.MyController                    - printing i = 159
2022-04-21 23:21:26,639 [http-nio-8080-exec-2] INFO  com.divya.LogsDemo.MyController                    - printing i = 160
2022-04-21 23:21:26,639 [http-nio-8080-exec-2] INFO  com.divya.LogsDemo.MyController                    - printing i = 161
2022-04-21 23:21:26,639 [http-nio-8080-exec-2] INFO  com.divya.LogsDemo.MyController                    - printing i = 162
2022-04-21 23:21:26,639 [http-nio-8080-exec-2] INFO  com.divya.LogsDemo.MyController                    - printing i = 163
2022-04-21 23:21:26,639 [http-nio-8080-exec-2] INFO  com.divya.LogsDemo.MyController                    - printing i = 164
2022-04-21 23:21:26,639 [http-nio-8080-exec-2] INFO  com.divya.LogsDemo.MyController                    - printing i = 165
2022-04-21 23:21:26,639 [http-nio-8080-exec-2] INFO  com.divya.LogsDemo.MyController                    - printing i = 166
2022-04-21 23:21:26,639 [http-nio-8080-exec-2] INFO  com.divya.LogsDemo.MyController                    - printing i = 167
2022-04-21 23:21:26,640 [http-nio-8080-exec-2] INFO  com.divya.LogsDemo.MyController                    - printing i = 168
2022-04-21 23:21:26,640 [http-nio-8080-exec-2] INFO  com.divya.LogsDemo.MyController                    - printing i = 169
2022-04-21 23:21:26,640 [http-nio-8080-exec-2] INFO  com.divya.LogsDemo.MyController                    - printing i = 170
2022-04-21 23:21:26,640 [http-nio-8080-exec-2] INFO  com.divya.LogsDemo.MyController                    - printing i = 171
2022-04-21 23:21:26,640 [http-nio-8080-exec-2] INFO  com.divya.LogsDemo.MyController                    - printing i = 172
2022-04-21 23:21:26,640 [http-nio-8080-exec-2] INFO  com.divya.LogsDemo.MyController                    - printing i = 173
2022-04-21 23:21:26,640 [http-nio-8080-exec-2] INFO  com.divya.LogsDemo.MyController                    - printing i = 174
2022-04-21 23:21:26,640 [http-nio-8080-exec-2] INFO  com.divya.LogsDemo.MyController                    - printing i = 175
2022-04-21 23:21:26,640 [http-nio-8080-exec-2] INFO  com.divya.LogsDemo.MyController                    - printing i = 176
2022-04-21 23:21:26,640 [http-nio-8080-exec-2] INFO  com.divya.LogsDemo.MyController                    - printing i = 177
2022-04-21 23:21:26,640 [http-nio-8080-exec-2] INFO  com.divya.LogsDemo.MyController                    - printing i = 178
2022-04-21 23:21:26,640 [http-nio-8080-exec-2] INFO  com.divya.LogsDemo.MyController                    - printing i = 179
2022-04-21 23:21:26,640 [http-nio-8080-exec-2] INFO  com.divya.LogsDemo.MyController                    - printing i = 180
2022-04-21 23:21:26,640 [http-nio-8080-exec-2] INFO  com.divya.LogsDemo.MyController                    - printing i = 181
2022-04-21 23:21:26,640 [http-nio-8080-exec-2] INFO  com.divya.LogsDemo.MyController                    - printing i = 182
2022-04-21 23:21:26,640 [http-nio-8080-exec-2] INFO  com.divya.LogsDemo.MyController                    - printing i = 183
2022-04-21 23:21:26,640 [http-nio-8080-exec-2] INFO  com.divya.LogsDemo.MyController                    - printing i = 184
2022-04-21 23:21:26,640 [http-nio-8080-exec-2] INFO  com.divya.LogsDemo.MyController                    - printing i = 185
2022-04-21 23:21:26,641 [http-nio-8080-exec-2] INFO  com.divya.LogsDemo.MyController                    - printing i = 186
2022-04-21 23:21:26,641 [http-nio-8080-exec-2] INFO  com.divya.LogsDemo.MyController                    - printing i = 187
2022-04-21 23:21:26,641 [http-nio-8080-exec-2] INFO  com.divya.LogsDemo.MyController                    - printing i = 188
2022-04-21 23:21:26,641 [http-nio-8080-exec-2] INFO  com.divya.LogsDemo.MyController                    - printing i = 189
2022-04-21 23:21:26,641 [http-nio-8080-exec-2] INFO  com.divya.LogsDemo.MyController                    - printing i = 190
2022-04-21 23:21:26,641 [http-nio-8080-exec-2] INFO  com.divya.LogsDemo.MyController                    - printing i = 191
2022-04-21 23:21:26,641 [http-nio-8080-exec-2] INFO  com.divya.LogsDemo.MyController                    - printing i = 192
2022-04-21 23:21:26,641 [http-nio-8080-exec-2] INFO  com.divya.LogsDemo.MyController                    - printing i = 193
2022-04-21 23:21:26,641 [http-nio-8080-exec-2] INFO  com.divya.LogsDemo.MyController                    - printing i = 194
2022-04-21 23:21:26,641 [http-nio-8080-exec-2] INFO  com.divya.LogsDemo.MyController                    - printing i = 195
2022-04-21 23:21:26,641 [http-nio-8080-exec-2] INFO  com.divya.LogsDemo.MyController                    - printing i = 196
2022-04-21 23:21:26,641 [http-nio-8080-exec-2] INFO  com.divya.LogsDemo.MyController                    - printing i = 197
2022-04-21 23:21:26,641 [http-nio-8080-exec-2] INFO  com.divya.LogsDemo.MyController                    - printing i = 198
2022-04-21 23:21:26,641 [http-nio-8080-exec-2] INFO  com.divya.LogsDemo.MyController                    - printing i = 199
2022-04-21 23:21:26,641 [http-nio-8080-exec-2] INFO  com.divya.LogsDemo.MyController                    - printing i = 200
2022-04-21 23:21:26,641 [http-nio-8080-exec-2] INFO  com.divya.LogsDemo.MyController                    - printing i = 201
2022-04-21 23:21:26,641 [http-nio-8080-exec-2] INFO  com.divya.LogsDemo.MyController                    - printing i = 202
2022-04-21 23:21:26,641 [http-nio-8080-exec-2] INFO  com.divya.LogsDemo.MyController                    - printing i = 203
2022-04-21 23:21:26,641 [http-nio-8080-exec-2] INFO  com.divya.LogsDemo.MyController                    - printing i = 204
2022-04-21 23:21:26,641 [http-nio-8080-exec-2] INFO  com.divya.LogsDemo.MyController                    - printing i = 205
2022-04-21 23:21:26,641 [http-nio-8080-exec-2] INFO  com.divya.LogsDemo.MyController                    - printing i = 206
2022-04-21 23:21:26,641 [http-nio-8080-exec-2] INFO  com.divya.LogsDemo.MyController                    - printing i = 207
2022-04-21 23:21:26,641 [http-nio-8080-exec-2] INFO  com.divya.LogsDemo.MyController                    - printing i = 208
2022-04-21 23:21:26,641 [http-nio-8080-exec-2] INFO  com.divya.LogsDemo.MyController                    - printing i = 209
2022-04-21 23:21:26,641 [http-nio-8080-exec-2] INFO  com.divya.LogsDemo.MyController                    - printing i = 210
2022-04-21 23:21:26,641 [http-nio-8080-exec-2] INFO  com.divya.LogsDemo.MyController                    - printing i = 211
2022-04-21 23:21:26,641 [http-nio-8080-exec-2] INFO  com.divya.LogsDemo.MyController                    - printing i = 212
2022-04-21 23:21:26,641 [http-nio-8080-exec-2] INFO  com.divya.LogsDemo.MyController                    - printing i = 213
2022-04-21 23:21:26,641 [http-nio-8080-exec-2] INFO  com.divya.LogsDemo.MyController                    - printing i = 214
2022-04-21 23:21:26,641 [http-nio-8080-exec-2] INFO  com.divya.LogsDemo.MyController                    - printing i = 215
2022-04-21 23:21:26,642 [http-nio-8080-exec-2] INFO  com.divya.LogsDemo.MyController                    - printing i = 216
2022-04-21 23:21:26,642 [http-nio-8080-exec-2] INFO  com.divya.LogsDemo.MyController                    - printing i = 217
2022-04-21 23:21:26,642 [http-nio-8080-exec-2] INFO  com.divya.LogsDemo.MyController                    - printing i = 218
2022-04-21 23:21:26,642 [http-nio-8080-exec-2] INFO  com.divya.LogsDemo.MyController                    - printing i = 219
2022-04-21 23:21:26,642 [http-nio-8080-exec-2] INFO  com.divya.LogsDemo.MyController                    - printing i = 220
2022-04-21 23:21:26,642 [http-nio-8080-exec-2] INFO  com.divya.LogsDemo.MyController                    - printing i = 221
2022-04-21 23:21:26,642 [http-nio-8080-exec-2] INFO  com.divya.LogsDemo.MyController                    - printing i = 222
2022-04-21 23:21:26,642 [http-nio-8080-exec-2] INFO  com.divya.LogsDemo.MyController                    - printing i = 223
2022-04-21 23:21:26,642 [http-nio-8080-exec-2] INFO  com.divya.LogsDemo.MyController                    - printing i = 224
2022-04-21 23:21:26,642 [http-nio-8080-exec-2] INFO  com.divya.LogsDemo.MyController                    - printing i = 225
2022-04-21 23:21:26,642 [http-nio-8080-exec-2] INFO  com.divya.LogsDemo.MyController                    - printing i = 226
2022-04-21 23:21:26,642 [http-nio-8080-exec-2] INFO  com.divya.LogsDemo.MyController                    - printing i = 227
2022-04-21 23:21:26,642 [http-nio-8080-exec-2] INFO  com.divya.LogsDemo.MyController                    - printing i = 228
2022-04-21 23:21:26,642 [http-nio-8080-exec-2] INFO  com.divya.LogsDemo.MyController                    - printing i = 229
2022-04-21 23:21:26,642 [http-nio-8080-exec-2] INFO  com.divya.LogsDemo.MyController                    - printing i = 230
2022-04-21 23:21:26,642 [http-nio-8080-exec-2] INFO  com.divya.LogsDemo.MyController                    - printing i = 231
2022-04-21 23:21:26,642 [http-nio-8080-exec-2] INFO  com.divya.LogsDemo.MyController                    - printing i = 232
2022-04-21 23:21:26,642 [http-nio-8080-exec-2] INFO  com.divya.LogsDemo.MyController                    - printing i = 233
2022-04-21 23:21:26,642 [http-nio-8080-exec-2] INFO  com.divya.LogsDemo.MyController                    - printing i = 234
2022-04-21 23:21:26,642 [http-nio-8080-exec-2] INFO  com.divya.LogsDemo.MyController                    - printing i = 235
2022-04-21 23:21:26,642 [http-nio-8080-exec-2] INFO  com.divya.LogsDemo.MyController                    - printing i = 236
2022-04-21 23:21:26,642 [http-nio-8080-exec-2] INFO  com.divya.LogsDemo.MyController                    - printing i = 237
2022-04-21 23:21:26,642 [http-nio-8080-exec-2] INFO  com.divya.LogsDemo.MyController                    - printing i = 238
2022-04-21 23:21:26,642 [http-nio-8080-exec-2] INFO  com.divya.LogsDemo.MyController                    - printing i = 239
2022-04-21 23:21:26,642 [http-nio-8080-exec-2] INFO  com.divya.LogsDemo.MyController                    - printing i = 240
